<?xml version="1.0" encoding="UTF-8"?>
<!-- Generated by org.testng.reporters.JUnitReportReporter -->
<testsuite skipped="0" hostname="HP-PC" name="Framework.TestNG.Practice1" tests="5" failures="0" timestamp="02 Jun 2019 20:17:01 GMT" time="36.894" errors="0">
  <testcase name="shoppingCartTest" time="10.069" classname="Framework.TestNG.Practice1"/>
  <testcase name="loginScenario1" time="7.003" classname="Framework.TestNG.Practice1"/>
  <testcase name="loginScenario2" time="6.352" classname="Framework.TestNG.Practice1"/>
  <testcase name="loginScenario3" time="6.430" classname="Framework.TestNG.Practice1"/>
  <testcase name="loginScenario4" time="7.040" classname="Framework.TestNG.Practice1"/>
</testsuite> <!-- Framework.TestNG.Practice1 -->
