<?xml version="1.0" encoding="UTF-8"?>
<!-- Generated by org.testng.reporters.JUnitReportReporter -->
<testsuite skipped="0" hostname="HP-PC" name="Framework.TestNG.Practice2" tests="2" failures="0" timestamp="02 Jun 2019 20:17:01 GMT" time="9.653" errors="0">
  <testcase name="hpLaptop" time="5.692" classname="Framework.TestNG.Practice2"/>
  <testcase name="macBook" time="3.961" classname="Framework.TestNG.Practice2"/>
</testsuite> <!-- Framework.TestNG.Practice2 -->
