<?xml version="1.0" encoding="UTF-8"?>
<!-- Generated by org.testng.reporters.JUnitReportReporter -->
<testsuite skipped="0" hostname="HP-PC" name="Testframework.TestNG.TestNGBasics" tests="2" failures="0" timestamp="01 Jun 2019 18:15:12 GMT" time="0.016" errors="0">
  <testcase name="testCase2" time="0.016" classname="Testframework.TestNG.TestNGBasics"/>
  <testcase name="testCase" time="0.000" classname="Testframework.TestNG.TestNGBasics"/>
</testsuite> <!-- Testframework.TestNG.TestNGBasics -->
