<?xml version="1.0" encoding="UTF-8"?>
<!-- Generated by org.testng.reporters.JUnitReportReporter -->
<testsuite skipped="0" hostname="HP-PC" name="Framework.TestNG.TestNGBasics" tests="2" failures="0" timestamp="02 Jun 2019 20:17:01 GMT" time="0.032" errors="0">
  <testcase name="testCase" time="0.015" classname="Framework.TestNG.TestNGBasics"/>
  <testcase name="testCase2" time="0.017" classname="Framework.TestNG.TestNGBasics"/>
</testsuite> <!-- Framework.TestNG.TestNGBasics -->
